MiraclePack/app/build/intermediates/manifest_merge_blame_file/debug/manifest-merger-blame-debug-report.txt
1<?xml version="1.0" encoding="utf-8"?>
2<manifest xmlns:android="http://schemas.android.com/apk/res/android"
3    package="com.example.miraclepack"
4    android:versionCode="1"
5    android:versionName="1.0" >
6
7    <uses-sdk
8        android:minSdkVersion="24"
8-->src\main\AndroidManifest.xml
9        android:targetSdkVersion="33" />
9-->src\main\AndroidManifest.xml
10
11    <permission
11-->[androidx.core:core:1.9.0] AndroidManifest.xml:22:5-24:47
12        android:name="com.example.miraclepack.DYNAMIC_RECEIVER_NOT_EXPORTED_PERMISSION"
12-->[androidx.core:core:1.9.0] AndroidManifest.xml:23:9-81
13        android:protectionLevel="signature" />
13-->[androidx.core:core:1.9.0] AndroidManifest.xml:24:9-44
14
15    <uses-permission android:name="com.example.miraclepack.DYNAMIC_RECEIVER_NOT_EXPORTED_PERMISSION" />
15-->[androidx.core:core:1.9.0] AndroidManifest.xml:26:5-97
15-->[androidx.core:core:1.9.0] AndroidManifest.xml:26:22-94
16
17    <application
17-->src\main\AndroidManifest.xml:5:5-42:19
18        android:allowBackup="true"
18-->src\main\AndroidManifest.xml:6:9-35
19        android:appComponentFactory="androidx.core.app.CoreComponentFactory"
19-->[androidx.core:core:1.9.0] AndroidManifest.xml:28:18-86
20        android:dataExtractionRules="@xml/data_extraction_rules"
20-->src\main\AndroidManifest.xml:7:9-65
21        android:debuggable="true"
22        android:extractNativeLibs="false"
23        android:fullBackupContent="@xml/backup_rules"
23-->src\main\AndroidManifest.xml:8:9-54
24        android:icon="@mipmap/ic_launcher"
24-->src\main\AndroidManifest.xml:9:9-43
25        android:label="@string/app_name"
25-->src\main\AndroidManifest.xml:10:9-41
26        android:roundIcon="@mipmap/ic_launcher_round"
26-->src\main\AndroidManifest.xml:11:9-54
27        android:supportsRtl="true"
27-->src\main\AndroidManifest.xml:12:9-35
28        android:testOnly="true"
29        android:theme="@style/Base.Theme.MiraclePack" >
29-->src\main\AndroidManifest.xml:13:9-54
30        <activity
30-->src\main\AndroidManifest.xml:16:9-19:48
31            android:name="com.example.miraclepack.ProfileActivity"
31-->src\main\AndroidManifest.xml:17:13-44
32            android:exported="true"
32-->src\main\AndroidManifest.xml:18:13-36
33            android:label="Profile Activity" />
33-->src\main\AndroidManifest.xml:19:13-45
34        <activity
34-->src\main\AndroidManifest.xml:21:9-24:39
35            android:name="com.example.miraclepack.SignUpActivity"
35-->src\main\AndroidManifest.xml:22:13-43
36            android:exported="true"
36-->src\main\AndroidManifest.xml:23:13-36
37            android:label="Sign Up" />
37-->src\main\AndroidManifest.xml:24:13-36
38
39        <!-- Rest of your activities -->
40
41        <activity
41-->src\main\AndroidManifest.xml:28:9-31:48
42            android:name="com.example.miraclepack.AddActivity"
42-->src\main\AndroidManifest.xml:29:13-40
43            android:exported="true"
43-->src\main\AndroidManifest.xml:30:13-36
44            android:label="Inhoud toevoegen" />
44-->src\main\AndroidManifest.xml:31:13-45
45        <activity
45-->src\main\AndroidManifest.xml:32:9-40:20
46            android:name="com.example.miraclepack.MainActivity"
46-->src\main\AndroidManifest.xml:33:13-41
47            android:exported="true"
47-->src\main\AndroidManifest.xml:34:13-36
48            android:label="Miracle Pack Library" >
48-->src\main\AndroidManifest.xml:35:13-49
49            <intent-filter>
49-->src\main\AndroidManifest.xml:36:13-39:29
50                <action android:name="android.intent.action.MAIN" />
50-->src\main\AndroidManifest.xml:37:17-69
50-->src\main\AndroidManifest.xml:37:25-66
51
52                <category android:name="android.intent.category.LAUNCHER" />
52-->src\main\AndroidManifest.xml:38:17-77
52-->src\main\AndroidManifest.xml:38:27-74
53            </intent-filter>
54        </activity>
55
56        <provider
56-->[androidx.emoji2:emoji2:1.2.0] AndroidManifest.xml:24:9-32:20
57            android:name="androidx.startup.InitializationProvider"
57-->[androidx.emoji2:emoji2:1.2.0] AndroidManifest.xml:25:13-67
58            android:authorities="com.example.miraclepack.androidx-startup"
58-->[androidx.emoji2:emoji2:1.2.0] AndroidManifest.xml:26:13-68
59            android:exported="false" >
59-->[androidx.emoji2:emoji2:1.2.0] AndroidManifest.xml:27:13-37
60            <meta-data
60-->[androidx.emoji2:emoji2:1.2.0] AndroidManifest.xml:29:13-31:52
61                android:name="androidx.emoji2.text.EmojiCompatInitializer"
61-->[androidx.emoji2:emoji2:1.2.0] AndroidManifest.xml:30:17-75
62                android:value="androidx.startup" />
62-->[androidx.emoji2:emoji2:1.2.0] AndroidManifest.xml:31:17-49
63            <meta-data
63-->[androidx.lifecycle:lifecycle-process:2.4.1] AndroidManifest.xml:31:13-33:52
64                android:name="androidx.lifecycle.ProcessLifecycleInitializer"
64-->[androidx.lifecycle:lifecycle-process:2.4.1] AndroidManifest.xml:32:17-78
65                android:value="androidx.startup" />
65-->[androidx.lifecycle:lifecycle-process:2.4.1] AndroidManifest.xml:33:17-49
66        </provider>
67    </application>
68
69</manifest>